{"C:\\Users\\AbdEl\\Desktop\\Node js\\Vidly\\Vidly.js": {"path":"C:\\Users\\AbdEl\\Desktop\\Node js\\Vidly\\Vidly.js","statementMap":{"0":{"start":{"line":1,"column":16},"end":{"line":1,"column":34}},"1":{"start":{"line":2,"column":16},"end":{"line":2,"column":34}},"2":{"start":{"line":3,"column":12},"end":{"line":3,"column":21}},"3":{"start":{"line":5,"column":0},"end":{"line":5,"column":31}},"4":{"start":{"line":6,"column":0},"end":{"line":6,"column":33}},"5":{"start":{"line":7,"column":0},"end":{"line":7,"column":26}},"6":{"start":{"line":8,"column":0},"end":{"line":8,"column":30}},"7":{"start":{"line":9,"column":0},"end":{"line":9,"column":34}},"8":{"start":{"line":11,"column":13},"end":{"line":11,"column":37}},"9":{"start":{"line":12,"column":15},"end":{"line":12,"column":83}},"10":{"start":{"line":12,"column":38},"end":{"line":12,"column":82}},"11":{"start":{"line":14,"column":0},"end":{"line":14,"column":24}}},"fnMap":{"0":{"name":"(anonymous_0)","decl":{"start":{"line":12,"column":32},"end":{"line":12,"column":33}},"loc":{"start":{"line":12,"column":38},"end":{"line":12,"column":82}},"line":12}},"branchMap":{"0":{"loc":{"start":{"line":11,"column":13},"end":{"line":11,"column":37}},"type":"binary-expr","locations":[{"start":{"line":11,"column":13},"end":{"line":11,"column":29}},{"start":{"line":11,"column":33},"end":{"line":11,"column":37}}],"line":11}},"s":{"0":2,"1":2,"2":2,"3":2,"4":2,"5":2,"6":2,"7":2,"8":2,"9":2,"10":2,"11":2},"f":{"0":2},"b":{"0":[2,2]},"_coverageSchema":"43e27e138ebf9cfc5966b082cf9a028302ed4184","hash":"f612ffddc45d5060637a68008e3ca27b2544acbb"}
,"C:\\Users\\AbdEl\\Desktop\\Node js\\Vidly\\middleware\\admin.js": {"path":"C:\\Users\\AbdEl\\Desktop\\Node js\\Vidly\\middleware\\admin.js","statementMap":{"0":{"start":{"line":3,"column":0},"end":{"line":7,"column":1}},"1":{"start":{"line":4,"column":4},"end":{"line":4,"column":71}},"2":{"start":{"line":4,"column":26},"end":{"line":4,"column":71}},"3":{"start":{"line":6,"column":4},"end":{"line":6,"column":11}}},"fnMap":{"0":{"name":"(anonymous_0)","decl":{"start":{"line":3,"column":17},"end":{"line":3,"column":18}},"loc":{"start":{"line":3,"column":37},"end":{"line":7,"column":1}},"line":3}},"branchMap":{"0":{"loc":{"start":{"line":4,"column":4},"end":{"line":4,"column":71}},"type":"if","locations":[{"start":{"line":4,"column":4},"end":{"line":4,"column":71}},{"start":{"line":4,"column":4},"end":{"line":4,"column":71}}],"line":4}},"s":{"0":2,"1":0,"2":0,"3":0},"f":{"0":0},"b":{"0":[0,0]},"_coverageSchema":"43e27e138ebf9cfc5966b082cf9a028302ed4184","hash":"0e7ebde70baf2fa2feeb9d3e2de8ffbf623e48bb"}
,"C:\\Users\\AbdEl\\Desktop\\Node js\\Vidly\\middleware\\auth.js": {"path":"C:\\Users\\AbdEl\\Desktop\\Node js\\Vidly\\middleware\\auth.js","statementMap":{"0":{"start":{"line":1,"column":15},"end":{"line":1,"column":32}},"1":{"start":{"line":2,"column":12},"end":{"line":2,"column":35}},"2":{"start":{"line":4,"column":0},"end":{"line":16,"column":1}},"3":{"start":{"line":5,"column":18},"end":{"line":5,"column":44}},"4":{"start":{"line":6,"column":4},"end":{"line":6,"column":79}},"5":{"start":{"line":6,"column":15},"end":{"line":6,"column":79}},"6":{"start":{"line":8,"column":4},"end":{"line":15,"column":5}},"7":{"start":{"line":9,"column":24},"end":{"line":9,"column":70}},"8":{"start":{"line":10,"column":8},"end":{"line":10,"column":27}},"9":{"start":{"line":11,"column":8},"end":{"line":11,"column":15}},"10":{"start":{"line":14,"column":8},"end":{"line":14,"column":46}}},"fnMap":{"0":{"name":"(anonymous_0)","decl":{"start":{"line":4,"column":17},"end":{"line":4,"column":18}},"loc":{"start":{"line":4,"column":43},"end":{"line":16,"column":1}},"line":4}},"branchMap":{"0":{"loc":{"start":{"line":6,"column":4},"end":{"line":6,"column":79}},"type":"if","locations":[{"start":{"line":6,"column":4},"end":{"line":6,"column":79}},{"start":{"line":6,"column":4},"end":{"line":6,"column":79}}],"line":6}},"s":{"0":3,"1":3,"2":3,"3":9,"4":9,"5":2,"6":7,"7":7,"8":5,"9":5,"10":2},"f":{"0":9},"b":{"0":[2,7]},"_coverageSchema":"43e27e138ebf9cfc5966b082cf9a028302ed4184","hash":"304397756c8fd051a124824826cf82a9a7ce4bd7"}
,"C:\\Users\\AbdEl\\Desktop\\Node js\\Vidly\\middleware\\error.js": {"path":"C:\\Users\\AbdEl\\Desktop\\Node js\\Vidly\\middleware\\error.js","statementMap":{"0":{"start":{"line":1,"column":16},"end":{"line":1,"column":34}},"1":{"start":{"line":3,"column":0},"end":{"line":7,"column":1}},"2":{"start":{"line":4,"column":4},"end":{"line":4,"column":36}},"3":{"start":{"line":6,"column":4},"end":{"line":6,"column":50}}},"fnMap":{"0":{"name":"(anonymous_0)","decl":{"start":{"line":3,"column":17},"end":{"line":3,"column":18}},"loc":{"start":{"line":3,"column":46},"end":{"line":7,"column":1}},"line":3}},"branchMap":{},"s":{"0":2,"1":2,"2":0,"3":0},"f":{"0":0},"b":{},"_coverageSchema":"43e27e138ebf9cfc5966b082cf9a028302ed4184","hash":"28cf2daeea29d6fc077b2d02c9aa8575e2fd7880"}
,"C:\\Users\\AbdEl\\Desktop\\Node js\\Vidly\\middleware\\validateObjectId.js": {"path":"C:\\Users\\AbdEl\\Desktop\\Node js\\Vidly\\middleware\\validateObjectId.js","statementMap":{"0":{"start":{"line":1,"column":17},"end":{"line":1,"column":36}},"1":{"start":{"line":3,"column":0},"end":{"line":8,"column":1}},"2":{"start":{"line":4,"column":4},"end":{"line":5,"column":50}},"3":{"start":{"line":5,"column":8},"end":{"line":5,"column":50}},"4":{"start":{"line":7,"column":4},"end":{"line":7,"column":11}}},"fnMap":{"0":{"name":"(anonymous_0)","decl":{"start":{"line":3,"column":17},"end":{"line":3,"column":18}},"loc":{"start":{"line":3,"column":43},"end":{"line":8,"column":1}},"line":3}},"branchMap":{"0":{"loc":{"start":{"line":4,"column":4},"end":{"line":5,"column":50}},"type":"if","locations":[{"start":{"line":4,"column":4},"end":{"line":5,"column":50}},{"start":{"line":4,"column":4},"end":{"line":5,"column":50}}],"line":4}},"s":{"0":2,"1":2,"2":2,"3":1,"4":1},"f":{"0":2},"b":{"0":[1,1]},"_coverageSchema":"43e27e138ebf9cfc5966b082cf9a028302ed4184","hash":"6d7ffe06266d4bbd1e661d39218fd652efac9ed8"}
,"C:\\Users\\AbdEl\\Desktop\\Node js\\Vidly\\models\\customers.js": {"path":"C:\\Users\\AbdEl\\Desktop\\Node js\\Vidly\\models\\customers.js","statementMap":{"0":{"start":{"line":1,"column":12},"end":{"line":1,"column":26}},"1":{"start":{"line":2,"column":17},"end":{"line":2,"column":36}},"2":{"start":{"line":4,"column":18},"end":{"line":21,"column":3}},"3":{"start":{"line":24,"column":19},"end":{"line":28,"column":5}},"4":{"start":{"line":29,"column":4},"end":{"line":29,"column":41}},"5":{"start":{"line":32,"column":0},"end":{"line":32,"column":30}},"6":{"start":{"line":33,"column":0},"end":{"line":33,"column":44}}},"fnMap":{"0":{"name":"validateCustomer","decl":{"start":{"line":23,"column":9},"end":{"line":23,"column":25}},"loc":{"start":{"line":23,"column":35},"end":{"line":30,"column":1}},"line":23}},"branchMap":{},"s":{"0":2,"1":2,"2":2,"3":0,"4":0,"5":2,"6":2},"f":{"0":0},"b":{},"_coverageSchema":"43e27e138ebf9cfc5966b082cf9a028302ed4184","hash":"0d5cf36d53c35976876a42f798cf3dca2ead7f92"}
,"C:\\Users\\AbdEl\\Desktop\\Node js\\Vidly\\models\\genres.js": {"path":"C:\\Users\\AbdEl\\Desktop\\Node js\\Vidly\\models\\genres.js","statementMap":{"0":{"start":{"line":1,"column":12},"end":{"line":1,"column":26}},"1":{"start":{"line":2,"column":17},"end":{"line":2,"column":36}},"2":{"start":{"line":4,"column":21},"end":{"line":11,"column":2}},"3":{"start":{"line":13,"column":15},"end":{"line":13,"column":53}},"4":{"start":{"line":16,"column":19},"end":{"line":18,"column":5}},"5":{"start":{"line":19,"column":4},"end":{"line":19,"column":39}},"6":{"start":{"line":23,"column":0},"end":{"line":23,"column":36}},"7":{"start":{"line":24,"column":0},"end":{"line":24,"column":24}},"8":{"start":{"line":25,"column":0},"end":{"line":25,"column":38}}},"fnMap":{"0":{"name":"validateGenre","decl":{"start":{"line":15,"column":9},"end":{"line":15,"column":22}},"loc":{"start":{"line":15,"column":29},"end":{"line":20,"column":1}},"line":15}},"branchMap":{},"s":{"0":2,"1":2,"2":2,"3":2,"4":4,"5":4,"6":2,"7":2,"8":2},"f":{"0":4},"b":{},"_coverageSchema":"43e27e138ebf9cfc5966b082cf9a028302ed4184","hash":"bd5bd42155b434983e7b93b8fc42222edaf133ab"}
,"C:\\Users\\AbdEl\\Desktop\\Node js\\Vidly\\models\\movies.js": {"path":"C:\\Users\\AbdEl\\Desktop\\Node js\\Vidly\\models\\movies.js","statementMap":{"0":{"start":{"line":2,"column":17},"end":{"line":2,"column":36}},"1":{"start":{"line":3,"column":23},"end":{"line":3,"column":50}},"2":{"start":{"line":4,"column":12},"end":{"line":4,"column":26}},"3":{"start":{"line":6,"column":15},"end":{"line":30,"column":3}},"4":{"start":{"line":33,"column":19},"end":{"line":38,"column":5}},"5":{"start":{"line":39,"column":4},"end":{"line":39,"column":39}},"6":{"start":{"line":42,"column":0},"end":{"line":42,"column":24}},"7":{"start":{"line":43,"column":0},"end":{"line":43,"column":38}}},"fnMap":{"0":{"name":"validateMovie","decl":{"start":{"line":32,"column":9},"end":{"line":32,"column":22}},"loc":{"start":{"line":32,"column":29},"end":{"line":40,"column":1}},"line":32}},"branchMap":{},"s":{"0":2,"1":2,"2":2,"3":2,"4":0,"5":0,"6":2,"7":2},"f":{"0":0},"b":{},"_coverageSchema":"43e27e138ebf9cfc5966b082cf9a028302ed4184","hash":"96a3d78293f7bc3039fe6843eca700dfc2d86215"}
,"C:\\Users\\AbdEl\\Desktop\\Node js\\Vidly\\models\\rentals.js": {"path":"C:\\Users\\AbdEl\\Desktop\\Node js\\Vidly\\models\\rentals.js","statementMap":{"0":{"start":{"line":1,"column":17},"end":{"line":1,"column":36}},"1":{"start":{"line":2,"column":12},"end":{"line":2,"column":26}},"2":{"start":{"line":5,"column":16},"end":{"line":57,"column":3}},"3":{"start":{"line":61,"column":19},"end":{"line":64,"column":5}},"4":{"start":{"line":65,"column":4},"end":{"line":65,"column":40}},"5":{"start":{"line":68,"column":0},"end":{"line":68,"column":26}},"6":{"start":{"line":69,"column":0},"end":{"line":69,"column":42}}},"fnMap":{"0":{"name":"validateRentals","decl":{"start":{"line":60,"column":9},"end":{"line":60,"column":24}},"loc":{"start":{"line":60,"column":32},"end":{"line":66,"column":1}},"line":60}},"branchMap":{},"s":{"0":2,"1":2,"2":2,"3":0,"4":0,"5":2,"6":2},"f":{"0":0},"b":{},"_coverageSchema":"43e27e138ebf9cfc5966b082cf9a028302ed4184","hash":"8197912f8ef753feb85d20a0b42945deedc10c3d"}
,"C:\\Users\\AbdEl\\Desktop\\Node js\\Vidly\\models\\users.js": {"path":"C:\\Users\\AbdEl\\Desktop\\Node js\\Vidly\\models\\users.js","statementMap":{"0":{"start":{"line":1,"column":12},"end":{"line":1,"column":35}},"1":{"start":{"line":2,"column":15},"end":{"line":2,"column":32}},"2":{"start":{"line":3,"column":17},"end":{"line":3,"column":36}},"3":{"start":{"line":5,"column":19},"end":{"line":26,"column":2}},"4":{"start":{"line":28,"column":0},"end":{"line":30,"column":1}},"5":{"start":{"line":29,"column":4},"end":{"line":29,"column":89}},"6":{"start":{"line":32,"column":14},"end":{"line":32,"column":49}},"7":{"start":{"line":35,"column":19},"end":{"line":39,"column":5}},"8":{"start":{"line":40,"column":4},"end":{"line":40,"column":38}},"9":{"start":{"line":44,"column":0},"end":{"line":44,"column":22}},"10":{"start":{"line":45,"column":0},"end":{"line":45,"column":36}}},"fnMap":{"0":{"name":"(anonymous_0)","decl":{"start":{"line":28,"column":39},"end":{"line":28,"column":40}},"loc":{"start":{"line":28,"column":49},"end":{"line":30,"column":1}},"line":28},"1":{"name":"validateUser","decl":{"start":{"line":34,"column":9},"end":{"line":34,"column":21}},"loc":{"start":{"line":34,"column":27},"end":{"line":41,"column":1}},"line":34}},"branchMap":{},"s":{"0":4,"1":4,"2":4,"3":4,"4":4,"5":7,"6":4,"7":0,"8":0,"9":4,"10":4},"f":{"0":7,"1":0},"b":{},"_coverageSchema":"43e27e138ebf9cfc5966b082cf9a028302ed4184","hash":"33cf159a9f4fc4272393cf5e3db5f322aa58e880"}
,"C:\\Users\\AbdEl\\Desktop\\Node js\\Vidly\\routes\\auth.js": {"path":"C:\\Users\\AbdEl\\Desktop\\Node js\\Vidly\\routes\\auth.js","statementMap":{"0":{"start":{"line":1,"column":12},"end":{"line":1,"column":26}},"1":{"start":{"line":2,"column":15},"end":{"line":2,"column":32}},"2":{"start":{"line":3,"column":10},"end":{"line":3,"column":27}},"3":{"start":{"line":4,"column":16},"end":{"line":4,"column":34}},"4":{"start":{"line":5,"column":15},"end":{"line":5,"column":31}},"5":{"start":{"line":6,"column":16},"end":{"line":6,"column":42}},"6":{"start":{"line":8,"column":0},"end":{"line":20,"column":3}},"7":{"start":{"line":9,"column":22},"end":{"line":9,"column":44}},"8":{"start":{"line":10,"column":4},"end":{"line":10,"column":69}},"9":{"start":{"line":10,"column":15},"end":{"line":10,"column":69}},"10":{"start":{"line":12,"column":17},"end":{"line":12,"column":61}},"11":{"start":{"line":13,"column":4},"end":{"line":13,"column":60}},"12":{"start":{"line":13,"column":14},"end":{"line":13,"column":60}},"13":{"start":{"line":15,"column":26},"end":{"line":15,"column":80}},"14":{"start":{"line":16,"column":4},"end":{"line":16,"column":71}},"15":{"start":{"line":16,"column":23},"end":{"line":16,"column":71}},"16":{"start":{"line":18,"column":18},"end":{"line":18,"column":42}},"17":{"start":{"line":19,"column":4},"end":{"line":19,"column":20}},"18":{"start":{"line":23,"column":19},"end":{"line":26,"column":5}},"19":{"start":{"line":27,"column":4},"end":{"line":27,"column":37}},"20":{"start":{"line":30,"column":0},"end":{"line":30,"column":24}}},"fnMap":{"0":{"name":"(anonymous_0)","decl":{"start":{"line":8,"column":17},"end":{"line":8,"column":18}},"loc":{"start":{"line":8,"column":37},"end":{"line":20,"column":1}},"line":8},"1":{"name":"validateUser","decl":{"start":{"line":22,"column":9},"end":{"line":22,"column":21}},"loc":{"start":{"line":22,"column":27},"end":{"line":28,"column":1}},"line":22}},"branchMap":{"0":{"loc":{"start":{"line":10,"column":4},"end":{"line":10,"column":69}},"type":"if","locations":[{"start":{"line":10,"column":4},"end":{"line":10,"column":69}},{"start":{"line":10,"column":4},"end":{"line":10,"column":69}}],"line":10},"1":{"loc":{"start":{"line":13,"column":4},"end":{"line":13,"column":60}},"type":"if","locations":[{"start":{"line":13,"column":4},"end":{"line":13,"column":60}},{"start":{"line":13,"column":4},"end":{"line":13,"column":60}}],"line":13},"2":{"loc":{"start":{"line":16,"column":4},"end":{"line":16,"column":71}},"type":"if","locations":[{"start":{"line":16,"column":4},"end":{"line":16,"column":71}},{"start":{"line":16,"column":4},"end":{"line":16,"column":71}}],"line":16}},"s":{"0":2,"1":2,"2":2,"3":2,"4":2,"5":2,"6":2,"7":0,"8":0,"9":0,"10":0,"11":0,"12":0,"13":0,"14":0,"15":0,"16":0,"17":0,"18":0,"19":0,"20":2},"f":{"0":0,"1":0},"b":{"0":[0,0],"1":[0,0],"2":[0,0]},"_coverageSchema":"43e27e138ebf9cfc5966b082cf9a028302ed4184","hash":"06535e15db07e64c5a9d9e6f7def4ced09f8cca8"}
,"C:\\Users\\AbdEl\\Desktop\\Node js\\Vidly\\routes\\customers.js": {"path":"C:\\Users\\AbdEl\\Desktop\\Node js\\Vidly\\routes\\customers.js","statementMap":{"0":{"start":{"line":1,"column":13},"end":{"line":1,"column":42}},"1":{"start":{"line":2,"column":16},"end":{"line":2,"column":34}},"2":{"start":{"line":3,"column":15},"end":{"line":3,"column":31}},"3":{"start":{"line":4,"column":38},"end":{"line":4,"column":68}},"4":{"start":{"line":6,"column":0},"end":{"line":9,"column":3}},"5":{"start":{"line":7,"column":21},"end":{"line":7,"column":56}},"6":{"start":{"line":8,"column":4},"end":{"line":8,"column":23}},"7":{"start":{"line":11,"column":0},"end":{"line":18,"column":3}},"8":{"start":{"line":12,"column":21},"end":{"line":12,"column":60}},"9":{"start":{"line":13,"column":4},"end":{"line":16,"column":5}},"10":{"start":{"line":14,"column":8},"end":{"line":14,"column":42}},"11":{"start":{"line":15,"column":8},"end":{"line":15,"column":15}},"12":{"start":{"line":17,"column":4},"end":{"line":17,"column":23}},"13":{"start":{"line":20,"column":0},"end":{"line":31,"column":3}},"14":{"start":{"line":21,"column":20},"end":{"line":21,"column":46}},"15":{"start":{"line":22,"column":4},"end":{"line":22,"column":68}},"16":{"start":{"line":22,"column":14},"end":{"line":22,"column":68}},"17":{"start":{"line":23,"column":21},"end":{"line":27,"column":6}},"18":{"start":{"line":29,"column":4},"end":{"line":29,"column":26}},"19":{"start":{"line":30,"column":4},"end":{"line":30,"column":23}},"20":{"start":{"line":33,"column":0},"end":{"line":46,"column":3}},"21":{"start":{"line":34,"column":20},"end":{"line":34,"column":46}},"22":{"start":{"line":35,"column":4},"end":{"line":35,"column":68}},"23":{"start":{"line":35,"column":14},"end":{"line":35,"column":68}},"24":{"start":{"line":37,"column":21},"end":{"line":41,"column":19}},"25":{"start":{"line":43,"column":4},"end":{"line":43,"column":68}},"26":{"start":{"line":43,"column":18},"end":{"line":43,"column":68}},"27":{"start":{"line":45,"column":4},"end":{"line":45,"column":23}},"28":{"start":{"line":48,"column":0},"end":{"line":54,"column":3}},"29":{"start":{"line":49,"column":21},"end":{"line":49,"column":69}},"30":{"start":{"line":51,"column":4},"end":{"line":51,"column":68}},"31":{"start":{"line":51,"column":18},"end":{"line":51,"column":68}},"32":{"start":{"line":53,"column":4},"end":{"line":53,"column":23}},"33":{"start":{"line":56,"column":0},"end":{"line":56,"column":24}}},"fnMap":{"0":{"name":"(anonymous_0)","decl":{"start":{"line":6,"column":16},"end":{"line":6,"column":17}},"loc":{"start":{"line":6,"column":35},"end":{"line":9,"column":1}},"line":6},"1":{"name":"(anonymous_1)","decl":{"start":{"line":11,"column":19},"end":{"line":11,"column":20}},"loc":{"start":{"line":11,"column":38},"end":{"line":18,"column":1}},"line":11},"2":{"name":"(anonymous_2)","decl":{"start":{"line":20,"column":23},"end":{"line":20,"column":24}},"loc":{"start":{"line":20,"column":41},"end":{"line":31,"column":1}},"line":20},"3":{"name":"(anonymous_3)","decl":{"start":{"line":33,"column":24},"end":{"line":33,"column":25}},"loc":{"start":{"line":33,"column":42},"end":{"line":46,"column":1}},"line":33},"4":{"name":"(anonymous_4)","decl":{"start":{"line":48,"column":28},"end":{"line":48,"column":29}},"loc":{"start":{"line":48,"column":46},"end":{"line":54,"column":1}},"line":48}},"branchMap":{"0":{"loc":{"start":{"line":13,"column":4},"end":{"line":16,"column":5}},"type":"if","locations":[{"start":{"line":13,"column":4},"end":{"line":16,"column":5}},{"start":{"line":13,"column":4},"end":{"line":16,"column":5}}],"line":13},"1":{"loc":{"start":{"line":22,"column":4},"end":{"line":22,"column":68}},"type":"if","locations":[{"start":{"line":22,"column":4},"end":{"line":22,"column":68}},{"start":{"line":22,"column":4},"end":{"line":22,"column":68}}],"line":22},"2":{"loc":{"start":{"line":35,"column":4},"end":{"line":35,"column":68}},"type":"if","locations":[{"start":{"line":35,"column":4},"end":{"line":35,"column":68}},{"start":{"line":35,"column":4},"end":{"line":35,"column":68}}],"line":35},"3":{"loc":{"start":{"line":43,"column":4},"end":{"line":43,"column":68}},"type":"if","locations":[{"start":{"line":43,"column":4},"end":{"line":43,"column":68}},{"start":{"line":43,"column":4},"end":{"line":43,"column":68}}],"line":43},"4":{"loc":{"start":{"line":51,"column":4},"end":{"line":51,"column":68}},"type":"if","locations":[{"start":{"line":51,"column":4},"end":{"line":51,"column":68}},{"start":{"line":51,"column":4},"end":{"line":51,"column":68}}],"line":51}},"s":{"0":2,"1":2,"2":2,"3":2,"4":2,"5":0,"6":0,"7":2,"8":0,"9":0,"10":0,"11":0,"12":0,"13":2,"14":0,"15":0,"16":0,"17":0,"18":0,"19":0,"20":2,"21":0,"22":0,"23":0,"24":0,"25":0,"26":0,"27":0,"28":2,"29":0,"30":0,"31":0,"32":0,"33":2},"f":{"0":0,"1":0,"2":0,"3":0,"4":0},"b":{"0":[0,0],"1":[0,0],"2":[0,0],"3":[0,0],"4":[0,0]},"_coverageSchema":"43e27e138ebf9cfc5966b082cf9a028302ed4184","hash":"d85ef53c3c0f17dca14a4a60bc31464845be1879"}
,"C:\\Users\\AbdEl\\Desktop\\Node js\\Vidly\\routes\\genres.js": {"path":"C:\\Users\\AbdEl\\Desktop\\Node js\\Vidly\\routes\\genres.js","statementMap":{"0":{"start":{"line":1,"column":25},"end":{"line":1,"column":66}},"1":{"start":{"line":2,"column":13},"end":{"line":2,"column":42}},"2":{"start":{"line":3,"column":16},"end":{"line":3,"column":34}},"3":{"start":{"line":4,"column":15},"end":{"line":4,"column":31}},"4":{"start":{"line":5,"column":32},"end":{"line":5,"column":59}},"5":{"start":{"line":6,"column":14},"end":{"line":6,"column":44}},"6":{"start":{"line":8,"column":0},"end":{"line":12,"column":3}},"7":{"start":{"line":9,"column":19},"end":{"line":9,"column":51}},"8":{"start":{"line":11,"column":4},"end":{"line":11,"column":21}},"9":{"start":{"line":14,"column":0},"end":{"line":20,"column":3}},"10":{"start":{"line":15,"column":18},"end":{"line":15,"column":54}},"11":{"start":{"line":17,"column":4},"end":{"line":17,"column":56}},"12":{"start":{"line":17,"column":15},"end":{"line":17,"column":56}},"13":{"start":{"line":19,"column":4},"end":{"line":19,"column":20}},"14":{"start":{"line":22,"column":0},"end":{"line":30,"column":3}},"15":{"start":{"line":23,"column":22},"end":{"line":23,"column":45}},"16":{"start":{"line":24,"column":4},"end":{"line":24,"column":68}},"17":{"start":{"line":24,"column":14},"end":{"line":24,"column":68}},"18":{"start":{"line":26,"column":18},"end":{"line":26,"column":53}},"19":{"start":{"line":27,"column":4},"end":{"line":27,"column":23}},"20":{"start":{"line":29,"column":4},"end":{"line":29,"column":20}},"21":{"start":{"line":32,"column":0},"end":{"line":41,"column":3}},"22":{"start":{"line":33,"column":22},"end":{"line":33,"column":45}},"23":{"start":{"line":34,"column":4},"end":{"line":34,"column":68}},"24":{"start":{"line":34,"column":14},"end":{"line":34,"column":68}},"25":{"start":{"line":36,"column":18},"end":{"line":36,"column":102}},"26":{"start":{"line":38,"column":4},"end":{"line":38,"column":65}},"27":{"start":{"line":38,"column":15},"end":{"line":38,"column":65}},"28":{"start":{"line":40,"column":4},"end":{"line":40,"column":20}},"29":{"start":{"line":43,"column":0},"end":{"line":49,"column":3}},"30":{"start":{"line":44,"column":18},"end":{"line":44,"column":63}},"31":{"start":{"line":46,"column":4},"end":{"line":46,"column":65}},"32":{"start":{"line":46,"column":15},"end":{"line":46,"column":65}},"33":{"start":{"line":48,"column":4},"end":{"line":48,"column":20}},"34":{"start":{"line":51,"column":0},"end":{"line":51,"column":24}}},"fnMap":{"0":{"name":"(anonymous_0)","decl":{"start":{"line":8,"column":16},"end":{"line":8,"column":17}},"loc":{"start":{"line":8,"column":36},"end":{"line":12,"column":1}},"line":8},"1":{"name":"(anonymous_1)","decl":{"start":{"line":14,"column":37},"end":{"line":14,"column":38}},"loc":{"start":{"line":14,"column":55},"end":{"line":20,"column":1}},"line":14},"2":{"name":"(anonymous_2)","decl":{"start":{"line":22,"column":23},"end":{"line":22,"column":24}},"loc":{"start":{"line":22,"column":42},"end":{"line":30,"column":1}},"line":22},"3":{"name":"(anonymous_3)","decl":{"start":{"line":32,"column":45},"end":{"line":32,"column":46}},"loc":{"start":{"line":32,"column":63},"end":{"line":41,"column":1}},"line":32},"4":{"name":"(anonymous_4)","decl":{"start":{"line":43,"column":55},"end":{"line":43,"column":56}},"loc":{"start":{"line":43,"column":73},"end":{"line":49,"column":1}},"line":43}},"branchMap":{"0":{"loc":{"start":{"line":17,"column":4},"end":{"line":17,"column":56}},"type":"if","locations":[{"start":{"line":17,"column":4},"end":{"line":17,"column":56}},{"start":{"line":17,"column":4},"end":{"line":17,"column":56}}],"line":17},"1":{"loc":{"start":{"line":24,"column":4},"end":{"line":24,"column":68}},"type":"if","locations":[{"start":{"line":24,"column":4},"end":{"line":24,"column":68}},{"start":{"line":24,"column":4},"end":{"line":24,"column":68}}],"line":24},"2":{"loc":{"start":{"line":34,"column":4},"end":{"line":34,"column":68}},"type":"if","locations":[{"start":{"line":34,"column":4},"end":{"line":34,"column":68}},{"start":{"line":34,"column":4},"end":{"line":34,"column":68}}],"line":34},"3":{"loc":{"start":{"line":38,"column":4},"end":{"line":38,"column":65}},"type":"if","locations":[{"start":{"line":38,"column":4},"end":{"line":38,"column":65}},{"start":{"line":38,"column":4},"end":{"line":38,"column":65}}],"line":38},"4":{"loc":{"start":{"line":46,"column":4},"end":{"line":46,"column":65}},"type":"if","locations":[{"start":{"line":46,"column":4},"end":{"line":46,"column":65}},{"start":{"line":46,"column":4},"end":{"line":46,"column":65}}],"line":46}},"s":{"0":2,"1":2,"2":2,"3":2,"4":2,"5":2,"6":2,"7":1,"8":1,"9":2,"10":1,"11":1,"12":0,"13":1,"14":2,"15":4,"16":4,"17":2,"18":2,"19":2,"20":2,"21":2,"22":0,"23":0,"24":0,"25":0,"26":0,"27":0,"28":0,"29":2,"30":0,"31":0,"32":0,"33":0,"34":2},"f":{"0":1,"1":1,"2":4,"3":0,"4":0},"b":{"0":[0,1],"1":[2,2],"2":[0,0],"3":[0,0],"4":[0,0]},"_coverageSchema":"43e27e138ebf9cfc5966b082cf9a028302ed4184","hash":"5356f284721de3589cd2de9561fb32f813fda900"}
,"C:\\Users\\AbdEl\\Desktop\\Node js\\Vidly\\routes\\home.js": {"path":"C:\\Users\\AbdEl\\Desktop\\Node js\\Vidly\\routes\\home.js","statementMap":{"0":{"start":{"line":1,"column":16},"end":{"line":1,"column":34}},"1":{"start":{"line":2,"column":15},"end":{"line":2,"column":31}},"2":{"start":{"line":4,"column":0},"end":{"line":6,"column":3}},"3":{"start":{"line":5,"column":4},"end":{"line":5,"column":28}},"4":{"start":{"line":8,"column":0},"end":{"line":8,"column":24}}},"fnMap":{"0":{"name":"(anonymous_0)","decl":{"start":{"line":4,"column":15},"end":{"line":4,"column":16}},"loc":{"start":{"line":4,"column":27},"end":{"line":6,"column":1}},"line":4}},"branchMap":{},"s":{"0":2,"1":2,"2":2,"3":0,"4":2},"f":{"0":0},"b":{},"_coverageSchema":"43e27e138ebf9cfc5966b082cf9a028302ed4184","hash":"b5a20c9854d697012fe95e3e179e2274e4473a93"}
,"C:\\Users\\AbdEl\\Desktop\\Node js\\Vidly\\routes\\movies.js": {"path":"C:\\Users\\AbdEl\\Desktop\\Node js\\Vidly\\routes\\movies.js","statementMap":{"0":{"start":{"line":1,"column":13},"end":{"line":1,"column":42}},"1":{"start":{"line":2,"column":16},"end":{"line":2,"column":34}},"2":{"start":{"line":3,"column":15},"end":{"line":3,"column":31}},"3":{"start":{"line":4,"column":17},"end":{"line":4,"column":36}},"4":{"start":{"line":5,"column":33},"end":{"line":5,"column":60}},"5":{"start":{"line":6,"column":17},"end":{"line":6,"column":44}},"6":{"start":{"line":9,"column":0},"end":{"line":13,"column":3}},"7":{"start":{"line":10,"column":19},"end":{"line":10,"column":51}},"8":{"start":{"line":12,"column":4},"end":{"line":12,"column":21}},"9":{"start":{"line":15,"column":0},"end":{"line":21,"column":3}},"10":{"start":{"line":16,"column":18},"end":{"line":16,"column":54}},"11":{"start":{"line":18,"column":4},"end":{"line":18,"column":49}},"12":{"start":{"line":18,"column":15},"end":{"line":18,"column":49}},"13":{"start":{"line":20,"column":4},"end":{"line":20,"column":20}},"14":{"start":{"line":23,"column":0},"end":{"line":43,"column":3}},"15":{"start":{"line":24,"column":20},"end":{"line":24,"column":44}},"16":{"start":{"line":25,"column":4},"end":{"line":25,"column":69}},"17":{"start":{"line":25,"column":15},"end":{"line":25,"column":69}},"18":{"start":{"line":27,"column":18},"end":{"line":27,"column":57}},"19":{"start":{"line":28,"column":4},"end":{"line":28,"column":61}},"20":{"start":{"line":28,"column":15},"end":{"line":28,"column":61}},"21":{"start":{"line":30,"column":18},"end":{"line":38,"column":6}},"22":{"start":{"line":40,"column":4},"end":{"line":40,"column":23}},"23":{"start":{"line":42,"column":4},"end":{"line":42,"column":20}},"24":{"start":{"line":45,"column":0},"end":{"line":68,"column":3}},"25":{"start":{"line":46,"column":20},"end":{"line":46,"column":44}},"26":{"start":{"line":47,"column":4},"end":{"line":47,"column":69}},"27":{"start":{"line":47,"column":15},"end":{"line":47,"column":69}},"28":{"start":{"line":49,"column":18},"end":{"line":49,"column":57}},"29":{"start":{"line":50,"column":4},"end":{"line":50,"column":61}},"30":{"start":{"line":50,"column":15},"end":{"line":50,"column":61}},"31":{"start":{"line":52,"column":18},"end":{"line":62,"column":21}},"32":{"start":{"line":64,"column":4},"end":{"line":64,"column":65}},"33":{"start":{"line":64,"column":15},"end":{"line":64,"column":65}},"34":{"start":{"line":66,"column":4},"end":{"line":66,"column":20}},"35":{"start":{"line":70,"column":0},"end":{"line":79,"column":3}},"36":{"start":{"line":72,"column":18},"end":{"line":72,"column":63}},"37":{"start":{"line":74,"column":4},"end":{"line":74,"column":65}},"38":{"start":{"line":74,"column":15},"end":{"line":74,"column":65}},"39":{"start":{"line":76,"column":4},"end":{"line":76,"column":20}},"40":{"start":{"line":81,"column":0},"end":{"line":81,"column":24}}},"fnMap":{"0":{"name":"(anonymous_0)","decl":{"start":{"line":9,"column":16},"end":{"line":9,"column":17}},"loc":{"start":{"line":9,"column":36},"end":{"line":13,"column":1}},"line":9},"1":{"name":"(anonymous_1)","decl":{"start":{"line":15,"column":19},"end":{"line":15,"column":20}},"loc":{"start":{"line":15,"column":37},"end":{"line":21,"column":1}},"line":15},"2":{"name":"(anonymous_2)","decl":{"start":{"line":23,"column":23},"end":{"line":23,"column":24}},"loc":{"start":{"line":23,"column":42},"end":{"line":43,"column":1}},"line":23},"3":{"name":"(anonymous_3)","decl":{"start":{"line":45,"column":25},"end":{"line":45,"column":26}},"loc":{"start":{"line":45,"column":43},"end":{"line":68,"column":1}},"line":45},"4":{"name":"(anonymous_4)","decl":{"start":{"line":70,"column":28},"end":{"line":70,"column":29}},"loc":{"start":{"line":70,"column":46},"end":{"line":79,"column":1}},"line":70}},"branchMap":{"0":{"loc":{"start":{"line":18,"column":4},"end":{"line":18,"column":49}},"type":"if","locations":[{"start":{"line":18,"column":4},"end":{"line":18,"column":49}},{"start":{"line":18,"column":4},"end":{"line":18,"column":49}}],"line":18},"1":{"loc":{"start":{"line":25,"column":4},"end":{"line":25,"column":69}},"type":"if","locations":[{"start":{"line":25,"column":4},"end":{"line":25,"column":69}},{"start":{"line":25,"column":4},"end":{"line":25,"column":69}}],"line":25},"2":{"loc":{"start":{"line":28,"column":4},"end":{"line":28,"column":61}},"type":"if","locations":[{"start":{"line":28,"column":4},"end":{"line":28,"column":61}},{"start":{"line":28,"column":4},"end":{"line":28,"column":61}}],"line":28},"3":{"loc":{"start":{"line":47,"column":4},"end":{"line":47,"column":69}},"type":"if","locations":[{"start":{"line":47,"column":4},"end":{"line":47,"column":69}},{"start":{"line":47,"column":4},"end":{"line":47,"column":69}}],"line":47},"4":{"loc":{"start":{"line":50,"column":4},"end":{"line":50,"column":61}},"type":"if","locations":[{"start":{"line":50,"column":4},"end":{"line":50,"column":61}},{"start":{"line":50,"column":4},"end":{"line":50,"column":61}}],"line":50},"5":{"loc":{"start":{"line":64,"column":4},"end":{"line":64,"column":65}},"type":"if","locations":[{"start":{"line":64,"column":4},"end":{"line":64,"column":65}},{"start":{"line":64,"column":4},"end":{"line":64,"column":65}}],"line":64},"6":{"loc":{"start":{"line":74,"column":4},"end":{"line":74,"column":65}},"type":"if","locations":[{"start":{"line":74,"column":4},"end":{"line":74,"column":65}},{"start":{"line":74,"column":4},"end":{"line":74,"column":65}}],"line":74}},"s":{"0":2,"1":2,"2":2,"3":2,"4":2,"5":2,"6":2,"7":0,"8":0,"9":2,"10":0,"11":0,"12":0,"13":0,"14":2,"15":0,"16":0,"17":0,"18":0,"19":0,"20":0,"21":0,"22":0,"23":0,"24":2,"25":0,"26":0,"27":0,"28":0,"29":0,"30":0,"31":0,"32":0,"33":0,"34":0,"35":2,"36":0,"37":0,"38":0,"39":0,"40":2},"f":{"0":0,"1":0,"2":0,"3":0,"4":0},"b":{"0":[0,0],"1":[0,0],"2":[0,0],"3":[0,0],"4":[0,0],"5":[0,0],"6":[0,0]},"_coverageSchema":"43e27e138ebf9cfc5966b082cf9a028302ed4184","hash":"dd17281d64b9d32ba5c8231ba8e890cdb773fd32"}
,"C:\\Users\\AbdEl\\Desktop\\Node js\\Vidly\\routes\\rentals.js": {"path":"C:\\Users\\AbdEl\\Desktop\\Node js\\Vidly\\routes\\rentals.js","statementMap":{"0":{"start":{"line":1,"column":13},"end":{"line":1,"column":42}},"1":{"start":{"line":2,"column":16},"end":{"line":2,"column":34}},"2":{"start":{"line":3,"column":15},"end":{"line":3,"column":31}},"3":{"start":{"line":4,"column":13},"end":{"line":4,"column":28}},"4":{"start":{"line":5,"column":17},"end":{"line":5,"column":36}},"5":{"start":{"line":6,"column":17},"end":{"line":6,"column":44}},"6":{"start":{"line":7,"column":20},"end":{"line":7,"column":50}},"7":{"start":{"line":8,"column":35},"end":{"line":8,"column":63}},"8":{"start":{"line":10,"column":0},"end":{"line":10,"column":20}},"9":{"start":{"line":12,"column":0},"end":{"line":15,"column":3}},"10":{"start":{"line":13,"column":20},"end":{"line":13,"column":57}},"11":{"start":{"line":14,"column":4},"end":{"line":14,"column":22}},"12":{"start":{"line":17,"column":0},"end":{"line":23,"column":3}},"13":{"start":{"line":18,"column":19},"end":{"line":18,"column":56}},"14":{"start":{"line":20,"column":4},"end":{"line":20,"column":50}},"15":{"start":{"line":20,"column":16},"end":{"line":20,"column":50}},"16":{"start":{"line":22,"column":4},"end":{"line":22,"column":21}},"17":{"start":{"line":25,"column":0},"end":{"line":64,"column":3}},"18":{"start":{"line":26,"column":20},"end":{"line":26,"column":45}},"19":{"start":{"line":27,"column":4},"end":{"line":27,"column":69}},"20":{"start":{"line":27,"column":15},"end":{"line":27,"column":69}},"21":{"start":{"line":29,"column":18},"end":{"line":29,"column":57}},"22":{"start":{"line":30,"column":4},"end":{"line":30,"column":61}},"23":{"start":{"line":30,"column":15},"end":{"line":30,"column":61}},"24":{"start":{"line":32,"column":21},"end":{"line":32,"column":66}},"25":{"start":{"line":33,"column":4},"end":{"line":33,"column":67}},"26":{"start":{"line":33,"column":18},"end":{"line":33,"column":67}},"27":{"start":{"line":35,"column":4},"end":{"line":35,"column":85}},"28":{"start":{"line":35,"column":35},"end":{"line":35,"column":85}},"29":{"start":{"line":37,"column":17},"end":{"line":48,"column":6}},"30":{"start":{"line":50,"column":4},"end":{"line":63,"column":5}},"31":{"start":{"line":51,"column":8},"end":{"line":56,"column":19}},"32":{"start":{"line":58,"column":8},"end":{"line":58,"column":24}},"33":{"start":{"line":61,"column":8},"end":{"line":61,"column":54}},"34":{"start":{"line":66,"column":0},"end":{"line":89,"column":3}},"35":{"start":{"line":67,"column":20},"end":{"line":67,"column":45}},"36":{"start":{"line":68,"column":4},"end":{"line":68,"column":69}},"37":{"start":{"line":68,"column":15},"end":{"line":68,"column":69}},"38":{"start":{"line":70,"column":18},"end":{"line":70,"column":57}},"39":{"start":{"line":71,"column":4},"end":{"line":71,"column":61}},"40":{"start":{"line":71,"column":15},"end":{"line":71,"column":61}},"41":{"start":{"line":73,"column":18},"end":{"line":83,"column":21}},"42":{"start":{"line":85,"column":4},"end":{"line":85,"column":65}},"43":{"start":{"line":85,"column":15},"end":{"line":85,"column":65}},"44":{"start":{"line":87,"column":4},"end":{"line":87,"column":20}},"45":{"start":{"line":91,"column":0},"end":{"line":100,"column":3}},"46":{"start":{"line":93,"column":18},"end":{"line":93,"column":64}},"47":{"start":{"line":95,"column":4},"end":{"line":95,"column":65}},"48":{"start":{"line":95,"column":15},"end":{"line":95,"column":65}},"49":{"start":{"line":97,"column":4},"end":{"line":97,"column":20}},"50":{"start":{"line":102,"column":0},"end":{"line":102,"column":24}}},"fnMap":{"0":{"name":"(anonymous_0)","decl":{"start":{"line":12,"column":16},"end":{"line":12,"column":17}},"loc":{"start":{"line":12,"column":36},"end":{"line":15,"column":1}},"line":12},"1":{"name":"(anonymous_1)","decl":{"start":{"line":17,"column":19},"end":{"line":17,"column":20}},"loc":{"start":{"line":17,"column":37},"end":{"line":23,"column":1}},"line":17},"2":{"name":"(anonymous_2)","decl":{"start":{"line":25,"column":23},"end":{"line":25,"column":24}},"loc":{"start":{"line":25,"column":42},"end":{"line":64,"column":1}},"line":25},"3":{"name":"(anonymous_3)","decl":{"start":{"line":66,"column":25},"end":{"line":66,"column":26}},"loc":{"start":{"line":66,"column":43},"end":{"line":89,"column":1}},"line":66},"4":{"name":"(anonymous_4)","decl":{"start":{"line":91,"column":28},"end":{"line":91,"column":29}},"loc":{"start":{"line":91,"column":46},"end":{"line":100,"column":1}},"line":91}},"branchMap":{"0":{"loc":{"start":{"line":20,"column":4},"end":{"line":20,"column":50}},"type":"if","locations":[{"start":{"line":20,"column":4},"end":{"line":20,"column":50}},{"start":{"line":20,"column":4},"end":{"line":20,"column":50}}],"line":20},"1":{"loc":{"start":{"line":27,"column":4},"end":{"line":27,"column":69}},"type":"if","locations":[{"start":{"line":27,"column":4},"end":{"line":27,"column":69}},{"start":{"line":27,"column":4},"end":{"line":27,"column":69}}],"line":27},"2":{"loc":{"start":{"line":30,"column":4},"end":{"line":30,"column":61}},"type":"if","locations":[{"start":{"line":30,"column":4},"end":{"line":30,"column":61}},{"start":{"line":30,"column":4},"end":{"line":30,"column":61}}],"line":30},"3":{"loc":{"start":{"line":33,"column":4},"end":{"line":33,"column":67}},"type":"if","locations":[{"start":{"line":33,"column":4},"end":{"line":33,"column":67}},{"start":{"line":33,"column":4},"end":{"line":33,"column":67}}],"line":33},"4":{"loc":{"start":{"line":35,"column":4},"end":{"line":35,"column":85}},"type":"if","locations":[{"start":{"line":35,"column":4},"end":{"line":35,"column":85}},{"start":{"line":35,"column":4},"end":{"line":35,"column":85}}],"line":35},"5":{"loc":{"start":{"line":68,"column":4},"end":{"line":68,"column":69}},"type":"if","locations":[{"start":{"line":68,"column":4},"end":{"line":68,"column":69}},{"start":{"line":68,"column":4},"end":{"line":68,"column":69}}],"line":68},"6":{"loc":{"start":{"line":71,"column":4},"end":{"line":71,"column":61}},"type":"if","locations":[{"start":{"line":71,"column":4},"end":{"line":71,"column":61}},{"start":{"line":71,"column":4},"end":{"line":71,"column":61}}],"line":71},"7":{"loc":{"start":{"line":85,"column":4},"end":{"line":85,"column":65}},"type":"if","locations":[{"start":{"line":85,"column":4},"end":{"line":85,"column":65}},{"start":{"line":85,"column":4},"end":{"line":85,"column":65}}],"line":85},"8":{"loc":{"start":{"line":95,"column":4},"end":{"line":95,"column":65}},"type":"if","locations":[{"start":{"line":95,"column":4},"end":{"line":95,"column":65}},{"start":{"line":95,"column":4},"end":{"line":95,"column":65}}],"line":95}},"s":{"0":2,"1":2,"2":2,"3":2,"4":2,"5":2,"6":2,"7":2,"8":2,"9":2,"10":0,"11":0,"12":2,"13":0,"14":0,"15":0,"16":0,"17":2,"18":0,"19":0,"20":0,"21":0,"22":0,"23":0,"24":0,"25":0,"26":0,"27":0,"28":0,"29":0,"30":0,"31":0,"32":0,"33":0,"34":2,"35":0,"36":0,"37":0,"38":0,"39":0,"40":0,"41":0,"42":0,"43":0,"44":0,"45":2,"46":0,"47":0,"48":0,"49":0,"50":2},"f":{"0":0,"1":0,"2":0,"3":0,"4":0},"b":{"0":[0,0],"1":[0,0],"2":[0,0],"3":[0,0],"4":[0,0],"5":[0,0],"6":[0,0],"7":[0,0],"8":[0,0]},"_coverageSchema":"43e27e138ebf9cfc5966b082cf9a028302ed4184","hash":"131e1098c3a85ae84186869b28fc22a283f23a9f"}
,"C:\\Users\\AbdEl\\Desktop\\Node js\\Vidly\\routes\\users.js": {"path":"C:\\Users\\AbdEl\\Desktop\\Node js\\Vidly\\routes\\users.js","statementMap":{"0":{"start":{"line":1,"column":13},"end":{"line":1,"column":42}},"1":{"start":{"line":2,"column":15},"end":{"line":2,"column":32}},"2":{"start":{"line":3,"column":10},"end":{"line":3,"column":27}},"3":{"start":{"line":4,"column":16},"end":{"line":4,"column":34}},"4":{"start":{"line":5,"column":15},"end":{"line":5,"column":31}},"5":{"start":{"line":6,"column":30},"end":{"line":6,"column":56}},"6":{"start":{"line":8,"column":0},"end":{"line":11,"column":3}},"7":{"start":{"line":9,"column":17},"end":{"line":9,"column":70}},"8":{"start":{"line":10,"column":4},"end":{"line":10,"column":19}},"9":{"start":{"line":13,"column":0},"end":{"line":26,"column":3}},"10":{"start":{"line":14,"column":22},"end":{"line":14,"column":44}},"11":{"start":{"line":15,"column":4},"end":{"line":15,"column":69}},"12":{"start":{"line":15,"column":15},"end":{"line":15,"column":69}},"13":{"start":{"line":17,"column":4},"end":{"line":17,"column":108}},"14":{"start":{"line":17,"column":53},"end":{"line":17,"column":108}},"15":{"start":{"line":19,"column":15},"end":{"line":19,"column":73}},"16":{"start":{"line":20,"column":17},"end":{"line":20,"column":41}},"17":{"start":{"line":21,"column":4},"end":{"line":21,"column":58}},"18":{"start":{"line":22,"column":4},"end":{"line":22,"column":22}},"19":{"start":{"line":24,"column":18},"end":{"line":24,"column":42}},"20":{"start":{"line":25,"column":4},"end":{"line":25,"column":74}},"21":{"start":{"line":28,"column":0},"end":{"line":28,"column":24}}},"fnMap":{"0":{"name":"(anonymous_0)","decl":{"start":{"line":8,"column":24},"end":{"line":8,"column":25}},"loc":{"start":{"line":8,"column":42},"end":{"line":11,"column":1}},"line":8},"1":{"name":"(anonymous_1)","decl":{"start":{"line":13,"column":17},"end":{"line":13,"column":18}},"loc":{"start":{"line":13,"column":36},"end":{"line":26,"column":1}},"line":13}},"branchMap":{"0":{"loc":{"start":{"line":15,"column":4},"end":{"line":15,"column":69}},"type":"if","locations":[{"start":{"line":15,"column":4},"end":{"line":15,"column":69}},{"start":{"line":15,"column":4},"end":{"line":15,"column":69}}],"line":15},"1":{"loc":{"start":{"line":17,"column":4},"end":{"line":17,"column":108}},"type":"if","locations":[{"start":{"line":17,"column":4},"end":{"line":17,"column":108}},{"start":{"line":17,"column":4},"end":{"line":17,"column":108}}],"line":17}},"s":{"0":2,"1":2,"2":2,"3":2,"4":2,"5":2,"6":2,"7":0,"8":0,"9":2,"10":0,"11":0,"12":0,"13":0,"14":0,"15":0,"16":0,"17":0,"18":0,"19":0,"20":0,"21":2},"f":{"0":0,"1":0},"b":{"0":[0,0],"1":[0,0]},"_coverageSchema":"43e27e138ebf9cfc5966b082cf9a028302ed4184","hash":"0b9b845e7adc514164725d53fa331997844a2aa3"}
,"C:\\Users\\AbdEl\\Desktop\\Node js\\Vidly\\startup\\config.js": {"path":"C:\\Users\\AbdEl\\Desktop\\Node js\\Vidly\\startup\\config.js","statementMap":{"0":{"start":{"line":1,"column":15},"end":{"line":1,"column":32}},"1":{"start":{"line":3,"column":0},"end":{"line":7,"column":1}},"2":{"start":{"line":4,"column":4},"end":{"line":6,"column":5}},"3":{"start":{"line":5,"column":8},"end":{"line":5,"column":71}}},"fnMap":{"0":{"name":"(anonymous_0)","decl":{"start":{"line":3,"column":17},"end":{"line":3,"column":18}},"loc":{"start":{"line":3,"column":27},"end":{"line":7,"column":1}},"line":3}},"branchMap":{"0":{"loc":{"start":{"line":4,"column":4},"end":{"line":6,"column":5}},"type":"if","locations":[{"start":{"line":4,"column":4},"end":{"line":6,"column":5}},{"start":{"line":4,"column":4},"end":{"line":6,"column":5}}],"line":4}},"s":{"0":2,"1":2,"2":2,"3":0},"f":{"0":2},"b":{"0":[0,2]},"_coverageSchema":"43e27e138ebf9cfc5966b082cf9a028302ed4184","hash":"c0d5d58ffca618e525efe7f75287acfbfb5e69ed"}
,"C:\\Users\\AbdEl\\Desktop\\Node js\\Vidly\\startup\\db.js": {"path":"C:\\Users\\AbdEl\\Desktop\\Node js\\Vidly\\startup\\db.js","statementMap":{"0":{"start":{"line":1,"column":16},"end":{"line":1,"column":34}},"1":{"start":{"line":2,"column":17},"end":{"line":2,"column":36}},"2":{"start":{"line":3,"column":15},"end":{"line":3,"column":32}},"3":{"start":{"line":5,"column":0},"end":{"line":9,"column":1}},"4":{"start":{"line":6,"column":15},"end":{"line":6,"column":31}},"5":{"start":{"line":7,"column":4},"end":{"line":8,"column":55}},"6":{"start":{"line":8,"column":19},"end":{"line":8,"column":53}}},"fnMap":{"0":{"name":"(anonymous_0)","decl":{"start":{"line":5,"column":17},"end":{"line":5,"column":18}},"loc":{"start":{"line":5,"column":27},"end":{"line":9,"column":1}},"line":5},"1":{"name":"(anonymous_1)","decl":{"start":{"line":8,"column":14},"end":{"line":8,"column":15}},"loc":{"start":{"line":8,"column":19},"end":{"line":8,"column":53}},"line":8}},"branchMap":{},"s":{"0":2,"1":2,"2":2,"3":2,"4":2,"5":2,"6":2},"f":{"0":2,"1":2},"b":{},"_coverageSchema":"43e27e138ebf9cfc5966b082cf9a028302ed4184","hash":"9a9ef8f000016882a56aba71051f307ad2d0141a"}
,"C:\\Users\\AbdEl\\Desktop\\Node js\\Vidly\\startup\\logging.js": {"path":"C:\\Users\\AbdEl\\Desktop\\Node js\\Vidly\\startup\\logging.js","statementMap":{"0":{"start":{"line":1,"column":16},"end":{"line":1,"column":34}},"1":{"start":{"line":2,"column":0},"end":{"line":2,"column":32}},"2":{"start":{"line":3,"column":0},"end":{"line":3,"column":27}},"3":{"start":{"line":5,"column":0},"end":{"line":23,"column":1}},"4":{"start":{"line":6,"column":4},"end":{"line":12,"column":6}},"5":{"start":{"line":14,"column":4},"end":{"line":16,"column":7}},"6":{"start":{"line":15,"column":8},"end":{"line":15,"column":17}},"7":{"start":{"line":18,"column":4},"end":{"line":18,"column":68}},"8":{"start":{"line":19,"column":4},"end":{"line":22,"column":7}}},"fnMap":{"0":{"name":"(anonymous_0)","decl":{"start":{"line":5,"column":17},"end":{"line":5,"column":18}},"loc":{"start":{"line":5,"column":27},"end":{"line":23,"column":1}},"line":5},"1":{"name":"(anonymous_1)","decl":{"start":{"line":14,"column":37},"end":{"line":14,"column":38}},"loc":{"start":{"line":14,"column":44},"end":{"line":16,"column":5}},"line":14}},"branchMap":{},"s":{"0":2,"1":2,"2":2,"3":2,"4":2,"5":2,"6":0,"7":2,"8":2},"f":{"0":2,"1":0},"b":{},"_coverageSchema":"43e27e138ebf9cfc5966b082cf9a028302ed4184","hash":"64f9d1c3aa3d33b1096de3c01b88d6be05835296"}
,"C:\\Users\\AbdEl\\Desktop\\Node js\\Vidly\\startup\\routes.js": {"path":"C:\\Users\\AbdEl\\Desktop\\Node js\\Vidly\\startup\\routes.js","statementMap":{"0":{"start":{"line":1,"column":14},"end":{"line":1,"column":44}},"1":{"start":{"line":2,"column":16},"end":{"line":2,"column":34}},"2":{"start":{"line":3,"column":15},"end":{"line":3,"column":42}},"3":{"start":{"line":4,"column":18},"end":{"line":4,"column":48}},"4":{"start":{"line":5,"column":13},"end":{"line":5,"column":38}},"5":{"start":{"line":6,"column":15},"end":{"line":6,"column":42}},"6":{"start":{"line":7,"column":16},"end":{"line":7,"column":44}},"7":{"start":{"line":8,"column":14},"end":{"line":8,"column":40}},"8":{"start":{"line":9,"column":13},"end":{"line":9,"column":38}},"9":{"start":{"line":11,"column":0},"end":{"line":23,"column":1}},"10":{"start":{"line":12,"column":4},"end":{"line":12,"column":28}},"11":{"start":{"line":13,"column":4},"end":{"line":13,"column":34}},"12":{"start":{"line":14,"column":4},"end":{"line":14,"column":38}},"13":{"start":{"line":15,"column":4},"end":{"line":15,"column":35}},"14":{"start":{"line":16,"column":4},"end":{"line":16,"column":41}},"15":{"start":{"line":17,"column":4},"end":{"line":17,"column":35}},"16":{"start":{"line":18,"column":4},"end":{"line":18,"column":37}},"17":{"start":{"line":19,"column":4},"end":{"line":19,"column":33}},"18":{"start":{"line":20,"column":4},"end":{"line":20,"column":31}},"19":{"start":{"line":21,"column":4},"end":{"line":21,"column":23}},"20":{"start":{"line":22,"column":4},"end":{"line":22,"column":19}}},"fnMap":{"0":{"name":"(anonymous_0)","decl":{"start":{"line":11,"column":17},"end":{"line":11,"column":18}},"loc":{"start":{"line":11,"column":30},"end":{"line":23,"column":1}},"line":11}},"branchMap":{},"s":{"0":2,"1":2,"2":2,"3":2,"4":2,"5":2,"6":2,"7":2,"8":2,"9":2,"10":2,"11":2,"12":2,"13":2,"14":2,"15":2,"16":2,"17":2,"18":2,"19":2,"20":2},"f":{"0":2},"b":{},"_coverageSchema":"43e27e138ebf9cfc5966b082cf9a028302ed4184","hash":"c5f22ff69601a3f08b6f18bc9bdc13cbb5294333"}
,"C:\\Users\\AbdEl\\Desktop\\Node js\\Vidly\\startup\\validation.js": {"path":"C:\\Users\\AbdEl\\Desktop\\Node js\\Vidly\\startup\\validation.js","statementMap":{"0":{"start":{"line":1,"column":12},"end":{"line":1,"column":26}},"1":{"start":{"line":3,"column":0},"end":{"line":5,"column":1}},"2":{"start":{"line":4,"column":4},"end":{"line":4,"column":48}}},"fnMap":{"0":{"name":"(anonymous_0)","decl":{"start":{"line":3,"column":17},"end":{"line":3,"column":18}},"loc":{"start":{"line":3,"column":27},"end":{"line":5,"column":1}},"line":3}},"branchMap":{},"s":{"0":2,"1":2,"2":2},"f":{"0":2},"b":{},"_coverageSchema":"43e27e138ebf9cfc5966b082cf9a028302ed4184","hash":"a91953df2ce18d423484adf443700ad52891a60d"}
}
